0 info it worked if it ends with ok
1 verbose cli [ 'D:\\users\\lazzaros\\Programmi\\NodeJS\\\\node.exe',
1 verbose cli   'D:\\users\\lazzaros\\Programmi\\NodeJS\\node_modules\\npm\\bin\\npm-cli.js',
1 verbose cli   'install',
1 verbose cli   'express' ]
2 info using npm@2.9.1
3 info using node@v0.12.3
4 verbose node symlink D:\users\lazzaros\Programmi\NodeJS\\node.exe
5 verbose install initial load of D:\users\lazzaros\private\WSPWWW\AngularJS_RockPaperScissors\package.json
6 verbose installManyTop reading scoped package data from D:\users\lazzaros\private\WSPWWW\AngularJS_RockPaperScissors\node_modules\connect\package.json
7 verbose installManyTop reading scoped package data from D:\users\lazzaros\private\WSPWWW\AngularJS_RockPaperScissors\node_modules\serve-static\package.json
8 verbose readDependencies loading dependencies from D:\users\lazzaros\private\WSPWWW\AngularJS_RockPaperScissors\package.json
9 silly cache add args [ 'express', null ]
10 verbose cache add spec express
11 silly cache add parsed spec { raw: 'express',
11 silly cache add   scope: null,
11 silly cache add   name: 'express',
11 silly cache add   rawSpec: '',
11 silly cache add   spec: '*',
11 silly cache add   type: 'range' }
12 silly addNamed express@*
13 verbose addNamed "*" is a valid semver range for express
14 silly addNameRange { name: 'express', range: '*', hasData: false }
15 silly mapToRegistry name express
16 silly mapToRegistry using default registry
17 silly mapToRegistry registry https://registry.npmjs.org/
18 silly mapToRegistry uri https://registry.npmjs.org/express
19 verbose addNameRange registry:https://registry.npmjs.org/express not in flight; fetching
20 verbose request uri https://registry.npmjs.org/express
21 verbose request no auth needed
22 info attempt registry request try #1 at 09:25:53
23 verbose request id a6e61c5067d467c0
24 http request GET https://registry.npmjs.org/express
25 info retry will retry, error on last attempt: Error: tunneling socket could not be established, cause=connect ETIMEDOUT
26 info attempt registry request try #2 at 09:26:24
27 http request GET https://registry.npmjs.org/express
28 info retry will retry, error on last attempt: Error: tunneling socket could not be established, cause=connect ETIMEDOUT
29 info attempt registry request try #3 at 09:27:45
30 http request GET https://registry.npmjs.org/express
31 verbose stack Error: tunneling socket could not be established, cause=connect ETIMEDOUT
31 verbose stack     at ClientRequest.onError (D:\users\lazzaros\Programmi\NodeJS\node_modules\npm\node_modules\request\node_modules\tunnel-agent\index.js:168:17)
31 verbose stack     at ClientRequest.g (events.js:199:16)
31 verbose stack     at ClientRequest.emit (events.js:107:17)
31 verbose stack     at Socket.socketErrorListener (_http_client.js:271:9)
31 verbose stack     at Socket.emit (events.js:107:17)
31 verbose stack     at net.js:459:14
31 verbose stack     at process._tickCallback (node.js:355:11)
32 verbose cwd D:\users\lazzaros\private\WSPWWW\AngularJS_RockPaperScissors
33 error Windows_NT 6.1.7601
34 error argv "D:\\users\\lazzaros\\Programmi\\NodeJS\\\\node.exe" "D:\\users\\lazzaros\\Programmi\\NodeJS\\node_modules\\npm\\bin\\npm-cli.js" "install" "express"
35 error node v0.12.3
36 error npm  v2.9.1
37 error code ECONNRESET
38 error network tunneling socket could not be established, cause=connect ETIMEDOUT
38 error network This is most likely not a problem with npm itself
38 error network and is related to network connectivity.
38 error network In most cases you are behind a proxy or have bad network settings.
38 error network
38 error network If you are behind a proxy, please make sure that the
38 error network 'proxy' config is set properly.  See: 'npm help config'
39 verbose exit [ 1, true ]
